2024-12-09 15:24:51 - Pcap is listening...
2024-12-09 15:25:10 - Pcap stop listening
2024-12-09 15:25:10 - path:C:\Users\phamb\Downloads\cicflowmeter-4\CICFlowMeter-4.0\bin\data\daily\2024-12-09_Flow.csv
2024-12-09 15:25:20 - Pcap is listening...
2024-12-09 15:25:28 - Pcap stop listening
2024-12-09 15:25:28 - path:C:\Users\phamb\Downloads\cicflowmeter-4\CICFlowMeter-4.0\bin\data\daily\2024-12-09_Flow.csv
2024-12-09 15:25:30 - Pcap is listening...
2024-12-09 15:25:41 - Pcap stop listening
2024-12-09 15:25:41 - path:C:\Users\phamb\Downloads\cicflowmeter-4\CICFlowMeter-4.0\bin\data\daily\2024-12-09_Flow.csv
2024-12-09 15:26:09 - Pcap is listening...
2024-12-09 15:35:15 - Pcap stop listening
2024-12-09 15:35:15 - path:C:\Users\phamb\Downloads\cicflowmeter-4\CICFlowMeter-4.0\bin\data\daily\2024-12-09_Flow.csv
2024-12-09 15:37:50 - Pcap is listening...
2024-12-09 15:38:36 - Pcap stop listening
2024-12-09 15:38:36 - path:C:\Users\phamb\Downloads\cicflowmeter-4\CICFlowMeter-4.0\bin\data\daily\2024-12-09_Flow.csv
2024-12-09 15:38:41 - Pcap is listening...
2024-12-09 15:47:13 - Pcap stop listening
2024-12-09 15:47:13 - path:C:\Users\phamb\Downloads\cicflowmeter-4\CICFlowMeter-4.0\bin\data\daily\2024-12-09_Flow.csv
2024-12-10 13:34:51 - Pcap is listening...
2024-12-10 13:40:37 - Pcap stop listening
2024-12-10 13:40:37 - path:C:\Users\phamb\Downloads\cicflowmeter-4\CICFlowMeter-4.0\bin\data\daily\2024-12-10_Flow.csv
2024-12-10 13:43:00 - Please select pcap!
2024-12-10 13:43:06 - Please select pcap!
2024-12-10 13:43:17 - Please select output folder!
2024-12-10 13:43:25 - You select: CICFlowMeter
2024-12-10 13:43:25 - Out folder: out
2024-12-10 13:43:25 - Please select pcap file!
2024-12-10 14:13:58 - Pcap is listening...
